{"/Users/nataliealway/devstation/401/data-structures-and-algorithms/401/challenges/02-ArrayShift/array-shift.js": {"path":"/Users/nataliealway/devstation/401/data-structures-and-algorithms/401/challenges/02-ArrayShift/array-shift.js","statementMap":{"0":{"start":{"line":3,"column":19},"end":{"line":3,"column":21}},"1":{"start":{"line":4,"column":17},"end":{"line":4,"column":29}},"2":{"start":{"line":5,"column":18},"end":{"line":5,"column":19}},"3":{"start":{"line":7,"column":4},"end":{"line":9,"column":5}},"4":{"start":{"line":8,"column":6},"end":{"line":8,"column":19}},"5":{"start":{"line":11,"column":4},"end":{"line":18,"column":5}},"6":{"start":{"line":11,"column":17},"end":{"line":11,"column":18}},"7":{"start":{"line":12,"column":6},"end":{"line":17,"column":7}},"8":{"start":{"line":13,"column":8},"end":{"line":13,"column":40}},"9":{"start":{"line":15,"column":8},"end":{"line":15,"column":28}},"10":{"start":{"line":16,"column":8},"end":{"line":16,"column":18}},"11":{"start":{"line":19,"column":4},"end":{"line":19,"column":20}},"12":{"start":{"line":22,"column":2},"end":{"line":22,"column":30}}},"fnMap":{"0":{"name":"shiftArray","decl":{"start":{"line":2,"column":9},"end":{"line":2,"column":19}},"loc":{"start":{"line":2,"column":31},"end":{"line":20,"column":3}},"line":2}},"branchMap":{"0":{"loc":{"start":{"line":7,"column":4},"end":{"line":9,"column":5}},"type":"if","locations":[{"start":{"line":7,"column":4},"end":{"line":9,"column":5}},{"start":{"line":7,"column":4},"end":{"line":9,"column":5}}],"line":7},"1":{"loc":{"start":{"line":12,"column":6},"end":{"line":17,"column":7}},"type":"if","locations":[{"start":{"line":12,"column":6},"end":{"line":17,"column":7}},{"start":{"line":12,"column":6},"end":{"line":17,"column":7}}],"line":12}},"s":{"0":3,"1":3,"2":3,"3":3,"4":1,"5":3,"6":3,"7":18,"8":15,"9":3,"10":3,"11":3,"12":1},"f":{"0":3},"b":{"0":[1,2],"1":[15,3]},"_coverageSchema":"43e27e138ebf9cfc5966b082cf9a028302ed4184","hash":"ba6a642cdb6530c91934fe7e1d19f717ad313b00"}
}
